
Showing logs for build [32mcb-kubecd-environment-pr-102-79-gs4d4-1[0m stage [32mfrom-build-pack[0m and container [32mstep-credential-initializer-cxx8n[0m
{"level":"warn","ts":1576598053.9573498,"logger":"fallback-logger","caller":"logging/config.go:69","msg":"Fetch GitHub commit ID from kodata failed: \"ref: refs/heads/master\" is not a valid GitHub commit ID"}
{"level":"info","ts":1576598053.9579196,"logger":"fallback-logger","caller":"creds-init/main.go:40","msg":"Credentials initialized."}

Showing logs for build [32mcb-kubecd-environment-pr-102-79-gs4d4-1[0m stage [32mfrom-build-pack[0m and container [32mstep-working-dir-initializer-rbvhh[0m
{"level":"warn","ts":1576598054.9630425,"logger":"fallback-logger","caller":"logging/config.go:69","msg":"Fetch GitHub commit ID from kodata failed: open /var/run/ko/HEAD: no such file or directory"}
{"level":"info","ts":1576598054.9672778,"logger":"fallback-logger","caller":"bash/main.go:65","msg":"Successfully executed command \"mkdir -p /workspace/source\""}

Showing logs for build [32mcb-kubecd-environment-pr-102-79-gs4d4-1[0m stage [32mfrom-build-pack[0m and container [32mstep-place-tools[0m

Showing logs for build [32mcb-kubecd-environment-pr-102-79-gs4d4-1[0m stage [32mfrom-build-pack[0m and container [32mstep-git-source-cb-kubecd-environment-pr-102-79-bx6z9[0m
{"level":"warn","ts":1576598058.987058,"logger":"fallback-logger","caller":"logging/config.go:69","msg":"Fetch GitHub commit ID from kodata failed: \"ref: refs/heads/master\" is not a valid GitHub commit ID"}
{"level":"info","ts":1576598060.137147,"logger":"fallback-logger","caller":"git/git.go:102","msg":"Successfully cloned https://github.com/cb-kubecd/environment-pr-102-79-boot-vault-gke-production.git @ master in path /workspace/source"}

Showing logs for build [32mcb-kubecd-environment-pr-102-79-gs4d4-1[0m stage [32mfrom-build-pack[0m and container [32mstep-git-merge[0m
Using SHAs from PULL_REFS=master:c43765d399fec01d32c40ef5e4d481cae3463081,1:39cc03b387b96030802b8e40a57a1e4b3bb7f813
DEBUG: ran git fetch --unshallow origin 39cc03b387b96030802b8e40a57a1e4b3bb7f813: c43765d399fec01d32c40ef5e4d481cae3463081: in 
DEBUG: ran git checkout master in 
DEBUG: ran git reset --hard c43765d399fec01d32c40ef5e4d481cae3463081 in 
DEBUG: ran clean --force -d . in 
DEBUG: ran git merge 39cc03b387b96030802b8e40a57a1e4b3bb7f813 in 
Merged SHA 39cc03b387b96030802b8e40a57a1e4b3bb7f813 with commit message 'chore: Promote bdd-spring-1576596574 to version 0.0.1' into base branch master

Showing logs for build [32mcb-kubecd-environment-pr-102-79-gs4d4-1[0m stage [32mfrom-build-pack[0m and container [32mstep-build-helm-build[0m
WARNING: No $CHART_REPOSITORY defined so using the default value of: http://jenkins-x-chartmuseum:8080
Adding missing Helm repo: storage.googleapis.com https://storage.googleapis.com/chartmuseum.jenkins-x.io
Read credentials for https://storage.googleapis.com/chartmuseum.jenkins-x.io from vault helm/repos
Successfully added Helm repository storage.googleapis.com.
Adding missing Helm repo: jenkins-x-chartmuseum http://jenkins-x-chartmuseum:8080
Read credentials for http://jenkins-x-chartmuseum:8080 from vault helm/repos
Successfully added Helm repository jenkins-x-chartmuseum.
WARNING: No $CHART_REPOSITORY defined so using the default value of: http://jenkins-x-chartmuseum:8080
Adding missing Helm repo: chartmuseum.jenkins-x.io http://chartmuseum.jenkins-x.io
Read credentials for http://chartmuseum.jenkins-x.io from vault helm/repos
Successfully added Helm repository chartmuseum.jenkins-x.io.
